[	06-03-2020 04:29:19	] [KICK ACTION] Player: V O D K A has kicked: nox for: You have been kicked. Reason: RELOGEA CTMRE.
[	13-03-2020 01:28:02	] [BAN ACTION] A new ban record has been added. Player: 'Strike' was banned by 'Lindembert' for 'Banned by staff' until '3/13/2020 2:28:02 AM'.
[	13-03-2020 01:28:21	] [BAN ACTION] A new ban record has been added. Player: '#Wichitoo' was banned by 'Lindembert' for 'Banned by staff.' until '3/13/2020 2:28:21 AM'.
[	13-03-2020 01:31:45	] [BAN ACTION] A new ban record has been added. Player: '9FOSFOROWAYNE' was banned by 'Lindembert' for 'Banned by staff.' until '3/13/2020 6:31:45 AM'.
[	13-03-2020 01:51:27	] [BAN ACTION] A new ban record has been added. Player: 'PerazX' was banned by 'Lindembert' for 'Banned by staff.' until '4/12/2020 1:51:26 AM'.
[	13-03-2020 01:52:00	] [BAN ACTION] A new ban record has been added. Player: 'ArskaD' was banned by 'Lindembert' for 'Banned by staff.' until '1/1/3000 12:00:00 AM' (forever).
[	13-03-2020 03:44:35	] [BAN ACTION] A new ban record has been added. Player: 'Strike' was banned by 'Lindembert' for 'Banned by staff.' until '3/13/2020 4:44:35 AM'.
[	13-03-2020 03:45:56	] [BAN ACTION] A new ban record has been added. Player: '9FOSFOROWAYNE' was banned by 'AbueloShurk' for 'Banned by staff.' until '1/1/3000 12:00:00 AM' (forever).
[	13-03-2020 05:05:21	] [BAN ACTION] The following ban record has been removed (player unbanned). The player has been unbanned because their ban duration expired. [Player: Strike was banned by Lindembert for Banned by staff. until 3/13/2020 4:44:35 AM.]
[	14-03-2020 20:56:51	] [KICK ACTION] Player: Marxx has kicked: ^5Cuquii U.u for: You have been kicked. Reason: relogueaaaa cuiquis.
[	15-03-2020 01:35:11	] [BAN ACTION] A new ban record has been added. Player: 'Argentine' was banned by 'let's kuere' for 'Aprende a jugar Fivem loco, deja de joder a la gente.' until '1/1/3000 12:00:00 AM' (forever).
[	15-03-2020 01:38:06	] [BAN ACTION] A new ban record has been added. Player: 'Tio Malking' was banned by '3 s' for 'Baneado por tiempo indefinido por el Staff SkuereCity.' until '1/1/3000 12:00:00 AM' (forever).
[	15-03-2020 02:23:18	] [KICK ACTION] Player: ...MigueloShurk... has kicked: nox for: You have been kicked. Reason: NO CARKILL.
[	15-03-2020 02:29:29	] [BAN ACTION] A new ban record has been added. Player: 'EL PRINCI' was banned by '3 s' for 'NO CAR KILL IN SKUERECITY.' until '3/15/2020 5:29:29 AM'.
[	15-03-2020 03:53:00	] [BAN ACTION] A new ban record has been added. Player: 'ToxSilver' was banned by 'Lindembert' for 'Banned by staff.' until '3/15/2020 5:23:00 AM'.
[	15-03-2020 04:27:18	] [BAN ACTION] A new ban record has been added. Player: 'JUAN' was banned by '3 s' for 'SI TE CAMBIES DE NICK ESTAS BAN, ADIOS PIPIPI+' until '1/1/3000 12:00:00 AM' (forever).
[	15-03-2020 04:43:19	] [BAN ACTION] A new ban record has been added. Player: 'Huevito Rey' was banned by 'Lindembert' for 'Banned by staff.' until '3/15/2020 2:43:19 PM'.
[	15-03-2020 04:44:03	] [BAN ACTION] A new ban record has been added. Player: 'iAmRenato.cL' was banned by 'Lindembert' for 'Banned by staff.' until '3/15/2020 2:44:03 PM'.
[	15-03-2020 05:06:23	] [BAN ACTION] A new ban record has been added. Player: 'J e i m a r i  2.0' was banned by '3 s' for 'NO PUEDES HACER CARKILL PIENSALO POR 3 HORAS' until '3/15/2020 8:06:23 AM'.
[	15-03-2020 05:34:04	] [BAN ACTION] The following ban record has been removed (player unbanned). [Player: Argentine was banned by let's kuere for Aprende a jugar Fivem loco, deja de joder a la gente. until 1/1/3000 12:00:00 AM.]
[	15-03-2020 05:50:17	] [BAN ACTION] A new ban record has been added. Player: 'Crocraxker' was banned by '3 s' for 'NO CAR KILL PIENSALO POR 3 HORAS' until '3/15/2020 8:50:17 AM'.
[	16-03-2020 05:18:01	] [BAN ACTION] The following ban record has been removed (player unbanned). The player has been unbanned because their ban duration expired. [Player: Crocraxker was banned by 3 s for NO CAR KILL PIENSALO POR 3 HORAS until 3/15/2020 8:50:17 AM.]
[	17-03-2020 05:44:18	] [KICK ACTION] Player: let's kuere has kicked: ismaneitor254 for: You have been kicked. Reason: tas bug mano.
[	18-03-2020 08:32:08	] [BAN ACTION] A new ban record has been added. Player: 'Aprendiz' was banned by 'AbueloShurk' for 'DEJA EL CAR KILL ' until '1/1/3000 12:00:00 AM' (forever).
[	18-03-2020 10:54:23	] [BAN ACTION] A new ban record has been added. Player: 'This in the end of my' was banned by '3 s' for 'VALORA TU VIDA Y NO TE DESCONECTES EN ROL.' until '3/18/2020 4:54:23 PM'.
[	19-03-2020 00:04:10	] [BAN ACTION] The following ban record has been removed (player unbanned). The player has been unbanned because their ban duration expired. [Player: This in the end of my was banned by 3 s for VALORA TU VIDA Y NO TE DESCONECTES EN ROL. until 3/18/2020 4:54:23 PM.]
[	19-03-2020 06:17:02	] [BAN ACTION] A new ban record has been added. Player: 'Sir Mr. Swag' was banned by 'p n k z' for 'alaos' until '1/1/3000 12:00:00 AM' (forever).
[	19-03-2020 06:21:14	] [BAN ACTION] The following ban record has been removed (player unbanned). [Player: Sir Mr. Swag was banned by p n k z for alaos until 1/1/3000 12:00:00 AM.]
[	19-03-2020 06:30:20	] [KICK ACTION] Player: p n k z has kicked: Te falta mas odio saske for: You have been kicked. Reason: loco conceht u mare deja el tanke.
[	19-03-2020 07:02:58	] [BAN ACTION] A new ban record has been added. Player: '# yo me quedo en casa' was banned by 'p n k z' for 'LOCO SORECONCHETU MARE TERCO HIJO DE PERRA' until '1/1/3000 12:00:00 AM' (forever).
[	19-03-2020 07:04:44	] [BAN ACTION] A new ban record has been added. Player: 'Ever_Gaitan' was banned by '3 s' for 'baneado por sheffo ' until '3/19/2020 12:04:44 PM'.
[	19-03-2020 07:15:16	] [BAN ACTION] A new ban record has been added. Player: 'Te falta mas odio saske' was banned by 'p n k z' for 'Banned by staff.enfermo de mierda' until '1/1/3000 12:00:00 AM' (forever).
[	19-03-2020 07:44:45	] [BAN ACTION] A new ban record has been added. Player: 'DreamT.Muss.GGbet' was banned by '3 s' for 'Aprende a respetar, piensalo unas horas.' until '3/19/2020 12:44:45 PM'.
[	19-03-2020 22:30:03	] [BAN ACTION] The following ban record has been removed (player unbanned). The player has been unbanned because their ban duration expired. [Player: DreamT.Muss.GGbet was banned by 3 s for Aprende a respetar, piensalo unas horas. until 3/19/2020 12:44:45 PM.]
[	19-03-2020 23:02:48	] [BAN ACTION] The following ban record has been removed (player unbanned). [Player: Te falta mas odio saske was banned by p n k z for Banned by staff.enfermo de mierda until 1/1/3000 12:00:00 AM.]
[	20-03-2020 08:41:35	] [BAN ACTION] A new ban record has been added. Player: 'Guido Kaczka' was banned by '3 s' for 'NO CARKILL BAN BY SHEFFO' until '3/21/2020 8:41:35 AM'.
[	20-03-2020 09:33:54	] [BAN ACTION] A new ban record has been added. Player: 'HORACIO COMBATIENTE DEL COVID-19' was banned by '3 s' for 'NO SPAM BANNED BY SHEFFO.' until '3/20/2020 9:33:54 PM'.
[	20-03-2020 22:58:07	] [BAN ACTION] The following ban record has been removed (player unbanned). [Player: # yo me quedo en casa was banned by p n k z for LOCO SORECONCHETU MARE TERCO HIJO DE PERRA until 1/1/3000 12:00:00 AM.]
[	21-03-2020 01:37:20	] [BAN ACTION] A new ban record has been added. Player: 'JLIUTR' was banned by 'p n k z' for 'PORSIACASO TE BANEARÉ LOCO ALAOS' until '1/1/3000 12:00:00 AM' (forever).
[	21-03-2020 06:41:02	] [BAN ACTION] A new ban record has been added. Player: 'This in the end of my' was banned by '3 s' for 'AQUI NO VAS A AHACER TUS WEBADAS ' until '3/22/2020 6:41:02 AM'.
[	21-03-2020 06:41:56	] [BAN ACTION] The following ban record has been removed (player unbanned). [Player: This in the end of my was banned by 3 s for AQUI NO VAS A AHACER TUS WEBADAS  until 3/22/2020 6:41:02 AM.]
[	21-03-2020 06:42:03	] [BAN ACTION] A new ban record has been added. Player: '# yo me quedo en casa' was banned by '3 s' for 'AQUI NO VAS A HACER TUS WEBADAS' until '3/21/2020 6:42:03 PM'.
[	21-03-2020 07:29:58	] [BAN ACTION] A new ban record has been added. Player: 'F por kobe bryant csgetto.cc' was banned by '3 s' for 'VALORA TU VIDA  BAN 5 HORAS BY SHEFFO' until '3/21/2020 12:29:58 PM'.
[	21-03-2020 07:30:27	] [BAN ACTION] A new ban record has been added. Player: 'MONTIEL' was banned by '3 s' for 'valora tu vida ban 5 horas by sheffo' until '3/21/2020 12:30:27 PM'.
[	22-03-2020 01:05:25	] [BAN ACTION] The following ban record has been removed (player unbanned). [Player: 9FOSFOROWAYNE was banned by AbueloShurk for Banned by staff. until 1/1/3000 12:00:00 AM.]
[	22-03-2020 02:24:27	] [BAN ACTION] The following ban record has been removed (player unbanned). The player has been unbanned because their ban duration expired. [Player: # yo me quedo en casa was banned by 3 s for AQUI NO VAS A HACER TUS WEBADAS until 3/21/2020 6:42:03 PM.]
[	22-03-2020 05:30:39	] [BAN ACTION] A new ban record has been added. Player: 'danyboy404' was banned by '3 Artemisio' for 'valora tu vida, piensalo por 12horas  ban by sheffo.' until '3/22/2020 5:30:39 PM'.
[	22-03-2020 05:53:05	] [BAN ACTION] The following ban record has been removed (player unbanned). [Player: danyboy404 was banned by 3 Artemisio for valora tu vida, piensalo por 12horas  ban by sheffo. until 3/22/2020 5:30:39 PM.]
[	22-03-2020 08:03:08	] [KICK ACTION] Player: ^3 Artemisio has kicked: El trompitas for: You have been kicked. Reason: NO MATES SIN HABER EMS .
[	22-03-2020 09:17:09	] [BAN ACTION] A new ban record has been added. Player: 'This in the end of my' was banned by 'Ganger' for 'TE ME CUIDAS P CHIBOLO TARAO SE TE DIO TU OPORTUNIDAD Y LA SIGUES CAGANDO CORRE A LLORAR A OTRO LADO' until '1/1/3000 12:00:00 AM' (forever).
[	22-03-2020 09:17:13	] [BAN ACTION] The following ban record has been removed (player unbanned). The player has been unbanned because their ban duration expired. [Player: HORACIO COMBATIENTE DEL COVID-19 was banned by 3 s for NO SPAM BANNED BY SHEFFO. until 3/20/2020 9:33:54 PM.]
[	22-03-2020 20:26:43	] [KICK ACTION] Player: Lindembert has kicked: Hakurama for: You have been kicked. Reason: estas lag , entra de nuevo por favor..
[	23-03-2020 00:56:33	] [BAN ACTION] A new ban record has been added. Player: 'InvalidPlayerName' was banned by 'MigueloShurk' for 'Ban indefinido apela en discord . Ban By MigueloShurk' until '1/1/3000 12:00:00 AM' (forever).
[	23-03-2020 00:57:57	] [BAN ACTION] A new ban record has been added. Player: 'Mr1Sibilino1' was banned by 'MigueloShurk' for 'Apela En discord . Ban By MigueloShurk' until '1/1/3000 12:00:00 AM' (forever).
[	23-03-2020 01:00:41	] [BAN ACTION] A new ban record has been added. Player: 'ZyKeZyAlV' was banned by 'MigueloShurk' for 'Apelas en discord . Ban By MigueloShuk' until '1/1/3000 12:00:00 AM' (forever).
[	23-03-2020 01:07:26	] [BAN ACTION] The following ban record has been removed (player unbanned). [Player: This in the end of my was banned by Ganger for TE ME CUIDAS P CHIBOLO TARAO SE TE DIO TU OPORTUNIDAD Y LA SIGUES CAGANDO CORRE A LLORAR A OTRO LADO until 1/1/3000 12:00:00 AM.]
[	23-03-2020 01:44:27	] [BAN ACTION] The following ban record has been removed (player unbanned). [Player: Mr1Sibilino1 was banned by MigueloShurk for Apela En discord . Ban By MigueloShurk until 1/1/3000 12:00:00 AM.]
[	23-03-2020 01:44:32	] [BAN ACTION] The following ban record has been removed (player unbanned). [Player: ZyKeZyAlV was banned by MigueloShurk for Apelas en discord . Ban By MigueloShuk until 1/1/3000 12:00:00 AM.]
[	23-03-2020 01:47:52	] [BAN ACTION] The following ban record has been removed (player unbanned). [Player: InvalidPlayerName was banned by MigueloShurk for Ban indefinido apela en discord . Ban By MigueloShurk until 1/1/3000 12:00:00 AM.]
[	23-03-2020 02:35:18	] [KICK ACTION] Player: ^3 ғᴏʀᴇᴠᴇʀ has kicked: Lessnar for: You have been kicked. Reason: relogea estas bug.
[	23-03-2020 04:31:08	] [KICK ACTION] Player: ^3 ғᴏʀᴇᴠᴇʀ has kicked: Palta Mexicana for: You have been kicked. Reason: NO PUEDES HACER ESO 1 STRIKE .
[	23-03-2020 04:51:47	] [BAN ACTION] A new ban record has been added. Player: 'Palta Mexicana' was banned by 'AbueloShark' for 'TE ME CUIDAS HERMANON...' until '1/1/3000 12:00:00 AM' (forever).
[	23-03-2020 05:05:58	] [BAN ACTION] A new ban record has been added. Player: 'J e i m a r i' was banned by 'AbueloShark' for 'RECAPACITA HERMANON' until '3/23/2020 10:05:58 AM'.
[	23-03-2020 05:50:34	] [BAN ACTION] The following ban record has been removed (player unbanned). The player has been unbanned because their ban duration expired. [Player: Guido Kaczka was banned by 3 s for NO CARKILL BAN BY SHEFFO until 3/21/2020 8:41:35 AM.]
[	23-03-2020 05:57:31	] [KICK ACTION] Player: no soy hacker has kicked: Brunosky for: You have been kicked. Reason: YA TERMINO EL ROL DEJA DE DISPARAR.
[	23-03-2020 06:43:09	] [BAN ACTION] A new ban record has been added. Player: 'Incentivar' was banned by 'AbueloShark' for 'Banned by staff.' until '1/1/3000 12:00:00 AM' (forever).
[	23-03-2020 07:09:38	] [BAN ACTION] A new ban record has been added. Player: 'InvalidPlayerName' was banned by 'AbueloShark' for 'TUS TONTERIAS A OTRO LADO' until '3/23/2020 7:09:38 PM'.
[	23-03-2020 08:01:01	] [BAN ACTION] A new ban record has been added. Player: 'kappa' was banned by 'MigueloShurk' for 'Te me cuidas manito' until '1/1/3000 12:00:00 AM' (forever).
[	23-03-2020 08:12:51	] [BAN ACTION] A new ban record has been added. Player: 'JohnF0' was banned by 'MigueloShurk' for 'No se permite mod Menu te me cuidas ' until '1/1/3000 12:00:00 AM' (forever).
[	23-03-2020 08:42:51	] [BAN ACTION] A new ban record has been added. Player: 'JohnF0' was banned by 'p n k z' for 'HACKER CONCHE TU MARE' until '1/1/3000 12:00:00 AM' (forever).
[	23-03-2020 08:43:17	] [BAN ACTION] The following ban record has been removed (player unbanned). [Player: JohnF0 was banned by p n k z for HACKER CONCHE TU MARE until 1/1/3000 12:00:00 AM.]
[	24-03-2020 00:17:21	] [BAN ACTION] A new ban record has been added. Player: 'Len' was banned by 'MigueloShurk' for 'Matar sin rol . Recapacita ' until '3/24/2020 1:47:21 AM'.
[	24-03-2020 00:55:30	] [BAN ACTION] A new ban record has been added. Player: 'Villazorzal' was banned by 'MigueloShurk' for 'Matar sin roll y en zona segura ' until '3/24/2020 7:25:29 AM'.
[	24-03-2020 02:03:43	] [BAN ACTION] A new ban record has been added. Player: 'Ortega Smith' was banned by 'Lindembert' for 'POR FALTAR EL RESPETO A UN ADMIN Y POR ANON A LAURA' until '3/26/2020 2:03:43 AM'.
[	24-03-2020 02:05:36	] [BAN ACTION] A new ban record has been added. Player: 'monchuales' was banned by 'Lindembert' for 'TE ADVERTI QUE NO DEBES FALTAR EL RESPETO POR ANON .' until '3/24/2020 10:05:36 PM'.
[	24-03-2020 02:06:57	] [BAN ACTION] The following ban record has been removed (player unbanned). The player has been unbanned because their ban duration expired. [Player: ToxSilver was banned by Lindembert for Banned by staff. until 3/15/2020 5:23:00 AM.]
[	24-03-2020 03:10:49	] [BAN ACTION] A new ban record has been added. Player: 'JohnF0' was banned by '6 s' for 'BANEADO POR CHEAT' until '1/1/3000 12:00:00 AM' (forever).
[	24-03-2020 03:35:01	] [BAN ACTION] The following ban record has been removed (player unbanned). The player has been unbanned because their ban duration expired. [Player: InvalidPlayerName was banned by AbueloShark for TUS TONTERIAS A OTRO LADO until 3/23/2020 7:09:38 PM.]
[	24-03-2020 04:48:41	] [BAN ACTION] A new ban record has been added. Player: 'Reiny' was banned by '6 s' for 'NO CARKILL BANNED BY SHEFFO' until '3/24/2020 5:48:41 AM'.
[	24-03-2020 04:50:01	] [BAN ACTION] A new ban record has been added. Player: 'SocioDelPatron' was banned by '6 s' for 'HACKER SI CREES QUE ES UN ERROR APELA EN DISCORD BY SHEFFO' until '1/1/3000 12:00:00 AM' (forever).
[	24-03-2020 04:50:48	] [BAN ACTION] A new ban record has been added. Player: 'Pollicomohao.ttv' was banned by 'AbueloShurk' for 'Banned by staff.' until '1/1/3000 12:00:00 AM' (forever).
[	24-03-2020 08:25:30	] [BAN ACTION] A new ban record has been added. Player: 'el nigo' was banned by 'Shusha Finkever Mallqui Turpo' for 'Banned by staff.Finkever NO CAR KILL' until '3/24/2020 9:55:30 AM'.
[	24-03-2020 09:10:47	] [BAN ACTION] The following ban record has been removed (player unbanned). [Player: Palta Mexicana was banned by AbueloShark for TE ME CUIDAS HERMANON... until 1/1/3000 12:00:00 AM.]
[	24-03-2020 22:48:44	] [BAN ACTION] A new ban record has been added. Player: 'PUYI' was banned by 'p n k z' for 'HACK ADIOOS' until '1/1/3000 12:00:00 AM' (forever).
[	24-03-2020 22:48:48	] [BAN ACTION] A new ban record has been added. Player: 'InvalidPlayerName' was banned by 'MigueloShurk' for 'No se permite mod menu , te me cuidas ' until '1/1/3000 12:00:00 AM' (forever).
[	24-03-2020 23:03:06	] [BAN ACTION] The following ban record has been removed (player unbanned). The player has been unbanned because their ban duration expired. [Player: Len was banned by MigueloShurk for Matar sin rol . Recapacita  until 3/24/2020 1:47:21 AM.]
[	25-03-2020 01:47:52	] [BAN ACTION] A new ban record has been added. Player: 'ToxSilver' was banned by '3 s' for 'Este es un server de roleplay, te me cuidas' until '1/1/3000 12:00:00 AM' (forever).
[	25-03-2020 03:11:01	] [KICK ACTION] Player: AbueloShurk has kicked: aguluxgamer for: You have been kicked. Reason: leete las reglas del discord !!!.
[	25-03-2020 03:16:36	] [BAN ACTION] A new ban record has been added. Player: 'Fujiwara' was banned by 'p n k z' for 'apela tu ban' until '1/1/3000 12:00:00 AM' (forever).
[	25-03-2020 03:17:24	] [BAN ACTION] A new ban record has been added. Player: 'NahuelAC' was banned by 'p n k z' for 'APELA TU BAN' until '1/1/3000 12:00:00 AM' (forever).
[	25-03-2020 04:53:49	] [BAN ACTION] A new ban record has been added. Player: 'locoloco' was banned by 'MigueloShurk' for 'No se puede matar en zona segura ' until '3/25/2020 7:23:48 AM'.
[	25-03-2020 05:40:44	] [BAN ACTION] A new ban record has been added. Player: 'Vako' was banned by 'MigueloShurk' for 'No carkill . recapacita' until '3/25/2020 1:10:44 PM'.
[	25-03-2020 05:59:48	] [BAN ACTION] A new ban record has been added. Player: 'HearTsux' was banned by 'MigueloShurk' for 'Carkill y matar sin roll te me cuidas ' until '3/25/2020 11:59:48 AM'.
[	25-03-2020 06:04:24	] [BAN ACTION] A new ban record has been added. Player: 'HORACIO COMBATIENTE DEL COVID-19' was banned by '3 s' for 'METAGAMING PENADO EN ESTE SERVIDOR BAN BY SHEFFO' until '3/25/2020 11:04:24 AM'.
[	25-03-2020 06:24:31	] [BAN ACTION] A new ban record has been added. Player: 'Huged Mogger' was banned by 'p n k z' for 'FALTAR EL RESPETO A UNA SEÑORITA DEL SERVIDOR.' until '1/1/3000 12:00:00 AM' (forever).
[	25-03-2020 07:23:56	] [BAN ACTION] A new ban record has been added. Player: 'Jayce | 95' was banned by '9Alcapone' for 'fuere de aca ctmr' until '1/1/3000 12:00:00 AM' (forever).
[	25-03-2020 07:27:04	] [BAN ACTION] A new ban record has been added. Player: 'faria' was banned by 'No-Name' for 'Banned by staff.' until '1/1/3000 12:00:00 AM' (forever).
[	25-03-2020 08:25:27	] [BAN ACTION] A new ban record has been added. Player: 'Lautahh' was banned by '9Alcapone' for 'dejen de hacer card kill' until '1/1/3000 12:00:00 AM' (forever).
[	25-03-2020 08:28:01	] [BAN ACTION] A new ban record has been added. Player: 'MEX JesusLiz' was banned by '9Alcapone' for 'Banned by staff.' until '1/1/3000 12:00:00 AM' (forever).
[	25-03-2020 08:32:55	] [BAN ACTION] A new ban record has been added. Player: 'Teorema _ RP' was banned by '9Alcapone' for 'matar card kill' until '1/1/3000 12:00:00 AM' (forever).
[	25-03-2020 08:44:50	] [BAN ACTION] The following ban record has been removed (player unbanned). [Player: MEX JesusLiz was banned by 9Alcapone for Banned by staff. until 1/1/3000 12:00:00 AM.]
[	25-03-2020 09:57:50	] [BAN ACTION] A new ban record has been added. Player: 'Valles' was banned by 'KOMPAYASOCHUPAPIN' for 've en paz con papa chacalon ' until '3/25/2020 10:57:50 AM'.
[	25-03-2020 19:25:24	] [BAN ACTION] A new ban record has been added. Player: 'Scott WereWolf' was banned by 'Lindembert' for 'USAR MOD MENU' until '1/1/3000 12:00:00 AM' (forever).
[	25-03-2020 20:58:20	] [KICK ACTION] Player: Shusha Finkever Mallqui Turpo has kicked: Sxrgio for: You have been kicked. Reason: No faltes el respeto .
[	25-03-2020 21:04:48	] [BAN ACTION] A new ban record has been added. Player: 'Christian Ed' was banned by 'MigueloShurk' for 'Te recomiendo que te compres una vida primo ' until '1/1/3000 12:00:00 AM' (forever).
[	25-03-2020 21:11:18	] [BAN ACTION] A new ban record has been added. Player: 'starlord' was banned by '9Alcapone' for 'card kill ' until '3/26/2020 1:11:18 AM'.
[	25-03-2020 21:33:01	] [BAN ACTION] A new ban record has been added. Player: 'Instick' was banned by '9Alcapone' for 'card kill' until '3/26/2020 1:33:01 AM'.
[	25-03-2020 22:30:25	] [BAN ACTION] A new ban record has been added. Player: 'Torraco221' was banned by '9Alcapone' for 'matar sin roll' until '3/26/2020 10:30:25 AM'.
[	25-03-2020 23:08:12	] [BAN ACTION] A new ban record has been added. Player: 'El penguin' was banned by 'MigueloShurk' for 'Matar sin rol , hacer carkil, ni apeles , Te me cuidas ' until '1/1/3000 12:00:00 AM' (forever).
[	25-03-2020 23:09:04	] [BAN ACTION] A new ban record has been added. Player: 'COVID BRYANT' was banned by '9Alcapone' for 'no quiero webadas' until '1/1/3000 12:00:00 AM' (forever).
[	25-03-2020 23:09:39	] [BAN ACTION] A new ban record has been added. Player: 'Pepperoni' was banned by '9Alcapone' for 'LO MISMO PARA TI' until '1/1/3000 12:00:00 AM' (forever).
[	26-03-2020 00:18:17	] [BAN ACTION] The following ban record has been removed (player unbanned). The player has been unbanned because their ban duration expired. [Player: HearTsux was banned by MigueloShurk for Carkill y matar sin roll te me cuidas  until 3/25/2020 11:59:48 AM.]
[	26-03-2020 00:56:39	] [BAN ACTION] A new ban record has been added. Player: 'alexpagallo' was banned by 'Shusha Finkever Mallqui Turpo' for 'Banned by staff.Finkever' until '3/26/2020 2:26:39 AM'.
[	26-03-2020 01:46:03	] [KICK ACTION] Player: ...MigueloShurk... has kicked: Te falta mas odio saske for: You have been kicked. Reason: deja de hacer carkill o te vas ban .
[	26-03-2020 02:29:57	] [BAN ACTION] A new ban record has been added. Player: 'Itachi' was banned by 'p n k z' for 'DEJA DE USAR CHEATS MEN ADIOS.' until '1/1/3000 12:00:00 AM' (forever).
[	26-03-2020 05:10:09	] [BAN ACTION] A new ban record has been added. Player: 'Laratatuild' was banned by '9Alcapone' for 'no tolerare tu falta de respeto alamos lokito' until '1/1/3000 12:00:00 AM' (forever).
[	26-03-2020 05:59:41	] [BAN ACTION] A new ban record has been added. Player: 'chenopo645' was banned by 'SHEFFOSINSENTIENTOS' for 'NO TOXIQUEES POR OOC, TIENES TIEMPO PARA RECAPACITAR.' until '3/26/2020 10:59:41 AM'.
[	26-03-2020 06:30:39	] [KICK ACTION] Player: SHEFFOSINSENTIENTOS has kicked: xXTONX for: You have been kicked. Reason: no toxiquees por ooc ultima advertencia..
[	26-03-2020 06:46:04	] [KICK ACTION] Player: SHEFFOSINSENTIENTOS has kicked: † MUSS † for: You have been kicked. Reason: confundir canales apesar que se le advirtio. 1 strike.
[	26-03-2020 06:46:06	] [BAN ACTION] A new ban record has been added. Player: 'Songe' was banned by '9Alcapone' for 'matar sin roll' until '3/26/2020 6:46:06 PM'.
[	26-03-2020 08:14:07	] [BAN ACTION] The following ban record has been removed (player unbanned). The player has been unbanned because their ban duration expired. [Player: el nigo was banned by Shusha Finkever Mallqui Turpo for Banned by staff.Finkever NO CAR KILL until 3/24/2020 9:55:30 AM.]
[	26-03-2020 09:03:51	] [BAN ACTION] A new ban record has been added. Player: 'GOT  -Drift-' was banned by '9Alcapone' for 'Banned by staff.' until '1/1/3000 12:00:00 AM' (forever).
[	26-03-2020 09:08:45	] [BAN ACTION] A new ban record has been added. Player: 'Lord Phase' was banned by '9Alcapone' for 'MATAR ZONA SEGURA ' until '3/26/2020 9:08:45 PM'.
[	27-03-2020 00:56:58	] [BAN ACTION] A new ban record has been added. Player: 'the drug addict ARCADE' was banned by 'AbueloShurk' for 'Banned by staff.' until '1/1/3000 12:00:00 AM' (forever).
[	27-03-2020 00:57:38	] [BAN ACTION] A new ban record has been added. Player: 'GonzaFacha' was banned by '1XXXSHEFFOTENTACION' for 'Mentir al staff ban by Sheffo4ever' until '3/27/2020 5:57:38 AM'.
[	27-03-2020 01:14:06	] [BAN ACTION] A new ban record has been added. Player: '50/50  %' was banned by 'AbueloShurk' for 'Banned by staff.' until '1/1/3000 12:00:00 AM' (forever).
[	27-03-2020 03:39:28	] [BAN ACTION] A new ban record has been added. Player: 'furtadojavier98' was banned by 'MigueloShurk' for 'Carkill ' until '3/27/2020 9:09:27 AM'.
[	27-03-2020 04:26:43	] [BAN ACTION] A new ban record has been added. Player: 'AlexisG7' was banned by '9Alcapone' for 'car kill' until '3/28/2020 4:26:43 AM'.
[	27-03-2020 04:47:25	] [BAN ACTION] A new ban record has been added. Player: 'TeoAsan' was banned by '9Alcapone' for 'Banned by staff.' until '1/1/3000 12:00:00 AM' (forever).
[	27-03-2020 04:57:02	] [BAN ACTION] A new ban record has been added. Player: 'Smok1 FAKE' was banned by '9Alcapone' for 'deja de explotar gasolinera' until '1/1/3000 12:00:00 AM' (forever).
[	27-03-2020 06:17:58	] [KICK ACTION] Player: AbueloShurk has kicked: Luffy for: You have been kicked. Reason: ..
[	27-03-2020 07:16:45	] [BAN ACTION] The following ban record has been removed (player unbanned). The player has been unbanned because their ban duration expired. [Player: HORACIO COMBATIENTE DEL COVID-19 was banned by 3 s for METAGAMING PENADO EN ESTE SERVIDOR BAN BY SHEFFO until 3/25/2020 11:04:24 AM.]
[	27-03-2020 07:53:46	] [BAN ACTION] A new ban record has been added. Player: 'InvalidPlayerName' was banned by '9Alcapone' for 'Banned by staff.' until '1/1/3000 12:00:00 AM' (forever).
[	27-03-2020 08:03:56	] [BAN ACTION] A new ban record has been added. Player: 'CALLA CAGADA' was banned by '9Alcapone' for 'Banned by staff.' until '1/1/3000 12:00:00 AM' (forever).
[	27-03-2020 09:00:31	] [BAN ACTION] A new ban record has been added. Player: 'kodeak' was banned by '9Alcapone' for 'te agarre pavo ' until '1/1/3000 12:00:00 AM' (forever).
[	27-03-2020 09:06:14	] [BAN ACTION] A new ban record has been added. Player: 'A-E-A' was banned by '9Alcapone' for 'Banned by staff.' until '1/1/3000 12:00:00 AM' (forever).
[	27-03-2020 09:28:57	] [BAN ACTION] The following ban record has been removed (player unbanned). The player has been unbanned because their ban duration expired. [Player: chenopo645 was banned by SHEFFOSINSENTIENTOS for NO TOXIQUEES POR OOC, TIENES TIEMPO PARA RECAPACITAR. until 3/26/2020 10:59:41 AM.]
[	27-03-2020 09:30:20	] [BAN ACTION] A new ban record has been added. Player: 'alejandrotrinidad' was banned by '9Alcapone' for 'card kill deja de hacer esa estupidez ' until '3/28/2020 9:30:20 AM'.
[	27-03-2020 10:59:34	] [BAN ACTION] A new ban record has been added. Player: 'Emanuel' was banned by 'p n k z' for 'Banned by staff.' until '1/1/3000 12:00:00 AM' (forever).
[	27-03-2020 20:17:12	] [BAN ACTION] A new ban record has been added. Player: '9FOSFOROWAYNE' was banned by 'MigueloShurk' for 'Matar en zona segura . Reflexiona .' until '3/27/2020 11:47:12 PM'.
[	27-03-2020 22:00:28	] [BAN ACTION] A new ban record has been added. Player: 'andonieulz' was banned by '9Alcapone' for 'Banned by staff.' until '1/1/3000 12:00:00 AM' (forever).
[	28-03-2020 00:13:46	] [BAN ACTION] A new ban record has been added. Player: 'bixo is god' was banned by '9Alcapone' for 'PONTE MICRO , CAMBIATE DE ROPA Y NO HAGAS CARD KILL ' until '3/29/2020 12:13:46 AM'.
[	28-03-2020 00:40:27	] [BAN ACTION] A new ban record has been added. Player: 'TheKoksal' was banned by '9Alcapone' for 'TU WEBADA A OTRO LADO ' until '1/1/3000 12:00:00 AM' (forever).
[	28-03-2020 01:42:00	] [BAN ACTION] A new ban record has been added. Player: 'pabloroman11' was banned by '9Alcapone' for 'SI NO TE GUSTA EL SERVER ALAMOS :)' until '1/1/3000 12:00:00 AM' (forever).
[	28-03-2020 01:51:10	] [BAN ACTION] The following ban record has been removed (player unbanned). The player has been unbanned because their ban duration expired. [Player: 9FOSFOROWAYNE was banned by MigueloShurk for Matar en zona segura . Reflexiona . until 3/27/2020 11:47:12 PM.]
[	28-03-2020 04:59:56	] [BAN ACTION] A new ban record has been added. Player: 'yo wio' was banned by '1XXXSHEFFOTENTACION' for 'evita tus comentatios toxicos en este server ' until '3/28/2020 9:59:56 AM'.
[	28-03-2020 06:01:11	] [BAN ACTION] A new ban record has been added. Player: 'CrypTo' was banned by '9Alcapone' for 'tu weabdas a otro lado' until '1/1/3000 12:00:00 AM' (forever).
[	28-03-2020 06:07:19	] [BAN ACTION] The following ban record has been removed (player unbanned). [Player: CrypTo was banned by 9Alcapone for tu weabdas a otro lado until 1/1/3000 12:00:00 AM.]
[	28-03-2020 06:36:16	] [BAN ACTION] A new ban record has been added. Player: 'AcoteMC' was banned by 'p n k z' for 'Banned by staff.' until '1/1/3000 12:00:00 AM' (forever).
[	28-03-2020 06:39:11	] [BAN ACTION] A new ban record has been added. Player: 'ariel' was banned by 'p n k z' for 'Banned by staff.' until '1/1/3000 12:00:00 AM' (forever).
[	28-03-2020 06:48:56	] [BAN ACTION] The following ban record has been removed (player unbanned). [Player: AcoteMC was banned by p n k z for Banned by staff. until 1/1/3000 12:00:00 AM.]
[	28-03-2020 06:54:01	] [BAN ACTION] The following ban record has been removed (player unbanned). [Player: ariel was banned by p n k z for Banned by staff. until 1/1/3000 12:00:00 AM.]
[	28-03-2020 06:57:36	] [BAN ACTION] A new ban record has been added. Player: '-Xutiikz-' was banned by '9Alcapone' for 'Banned by staff.' until '1/1/3000 12:00:00 AM' (forever).
[	28-03-2020 06:58:26	] [BAN ACTION] A new ban record has been added. Player: 'vergas99' was banned by '9Alcapone' for 'Banned by staff.' until '1/1/3000 12:00:00 AM' (forever).
[	28-03-2020 07:27:52	] [BAN ACTION] A new ban record has been added. Player: 'Zabi' was banned by '9Alcapone' for 'matar zona segura' until '3/29/2020 11:27:52 PM'.
[	28-03-2020 07:33:13	] [BAN ACTION] The following ban record has been removed (player unbanned). [Player: Zabi was banned by 9Alcapone for matar zona segura until 3/29/2020 11:27:52 PM.]
[	28-03-2020 07:36:04	] [BAN ACTION] A new ban record has been added. Player: 'Ryujin Prodigio' was banned by '9Alcapone' for 'Banned by staff.' until '1/1/3000 12:00:00 AM' (forever).
[	28-03-2020 07:43:22	] [BAN ACTION] A new ban record has been added. Player: 'kInGHanSisBack' was banned by 'p n k z' for 'Banned by staff.' until '1/1/3000 12:00:00 AM' (forever).
[	28-03-2020 07:43:24	] [BAN ACTION] A new ban record has been added. Player: 'PAPATU' was banned by '9Alcapone' for 'Banned by staff.' until '1/1/3000 12:00:00 AM' (forever).
[	28-03-2020 07:44:30	] [KICK ACTION] Player: p n k z has kicked: Gato Techero for: You have been kicked. Reason: vuelves.
[	28-03-2020 07:44:38	] [KICK ACTION] Player: p n k z has kicked:  for: You have been kicked. Reason: vuelves.
[	28-03-2020 07:44:49	] [BAN ACTION] A new ban record has been added. Player: 'InvalidPlayerName' was banned by 'p n k z' for 'Banned by staff.' until '1/1/3000 12:00:00 AM' (forever).
[	28-03-2020 07:49:11	] [BAN ACTION] A new ban record has been added. Player: 'seor tongo' was banned by 'p n k z' for 'Banned by staff.' until '1/1/3000 12:00:00 AM' (forever).
[	28-03-2020 07:49:11	] [BAN ACTION] A new ban record has been added. Player: 'InvalidPlayerName' was banned by '9Alcapone' for 'Banned by staff.' until '1/1/3000 12:00:00 AM' (forever).
[	28-03-2020 07:49:26	] [BAN ACTION] A new ban record has been added. Player: 'eL patronGaviria' was banned by '9Alcapone' for 'Banned by staff.' until '1/1/3000 12:00:00 AM' (forever).
[	28-03-2020 07:49:53	] [BAN ACTION] A new ban record has been added. Player: 'InvalidPlayerName' was banned by '9Alcapone' for 'Banned by staff.' until '1/1/3000 12:00:00 AM' (forever).
[	28-03-2020 07:50:31	] [BAN ACTION] A new ban record has been added. Player: 'Joker_98' was banned by '9Alcapone' for 'Banned by staff.' until '1/1/3000 12:00:00 AM' (forever).
[	28-03-2020 07:52:16	] [BAN ACTION] A new ban record has been added. Player: 'SH4KUR' was banned by '9Alcapone' for 'deja de hacer stupdies' until '3/29/2020 11:52:16 PM'.
[	28-03-2020 07:52:58	] [BAN ACTION] A new ban record has been added. Player: 'Fenel' was banned by '9Alcapone' for 'Banned by staff.' until '1/1/3000 12:00:00 AM' (forever).
[	28-03-2020 07:53:19	] [BAN ACTION] A new ban record has been added. Player: 'TU VIEJA' was banned by 'p n k z' for 'Banned by staff.' until '1/1/3000 12:00:00 AM' (forever).
[	28-03-2020 07:54:08	] [BAN ACTION] A new ban record has been added. Player: ':(' was banned by 'p n k z' for 'Banned by staff.CONCEHTG UMARE BAN INFINITO' until '1/1/3000 12:00:00 AM' (forever).
[	28-03-2020 08:20:56	] [BAN ACTION] The following ban record has been removed (player unbanned). [Player: kInGHanSisBack was banned by p n k z for Banned by staff. until 1/1/3000 12:00:00 AM.]
[	28-03-2020 08:22:45	] [BAN ACTION] The following ban record has been removed (player unbanned). [Player: SH4KUR was banned by 9Alcapone for deja de hacer stupdies until 3/29/2020 11:52:16 PM.]
[	28-03-2020 09:24:50	] [BAN ACTION] The following ban record has been removed (player unbanned). [Player: eL patronGaviria was banned by 9Alcapone for Banned by staff. until 1/1/3000 12:00:00 AM.]
[	16-04-2020 06:22:32	] [KICK ACTION] Player: ^8 ᴇʟ ʀᴇᴍɪx has kicked: danyboy404 for: You have been kicked. Reason: no puedes matar cerca a zona segura by sheffomodorage.
[	16-04-2020 08:14:12	] [BAN ACTION] The following ban record has been removed (player unbanned). The player has been unbanned because their ban duration expired. [Player: Valles was banned by KOMPAYASOCHUPAPIN for ve en paz con papa chacalon  until 3/25/2020 10:57:50 AM.]
[	16-04-2020 09:35:55	] [KICK ACTION] Player: ^8 porsiempre has kicked: ^2Tio^7Gilipoias^1777 for: You have been kicked. Reason: ya acabo el show viejo.
[	17-04-2020 03:14:24	] [BAN ACTION] The following ban record has been removed (player unbanned). [Player: PerazX was banned by Lindembert for Banned by staff. until 4/12/2020 1:51:26 AM.]
[	17-04-2020 03:14:26	] [BAN ACTION] The following ban record has been removed (player unbanned). [Player: sacama240 was banned by Anticheat-Lindembert for Banned by staff. HACK  until 4/12/2020 1:51:26 AM.]
[	17-04-2020 03:14:28	] [BAN ACTION] The following ban record has been removed (player unbanned). [Player: ArskaD was banned by Lindembert for Banned by staff. until 1/1/3000 12:00:00 AM.]
[	17-04-2020 03:14:30	] [BAN ACTION] The following ban record has been removed (player unbanned). [Player: Tio Malking was banned by 3 s for Baneado por tiempo indefinido por el Staff SkuereCity. until 1/1/3000 12:00:00 AM.]
[	17-04-2020 03:14:33	] [BAN ACTION] The following ban record has been removed (player unbanned). [Player: EL PRINCI was banned by 3 s for NO CAR KILL IN SKUERECITY. until 3/15/2020 5:29:29 AM.]
[	17-04-2020 03:14:34	] [BAN ACTION] The following ban record has been removed (player unbanned). [Player: JUAN was banned by 3 s for SI TE CAMBIES DE NICK ESTAS BAN, ADIOS PIPIPI+ until 1/1/3000 12:00:00 AM.]
[	17-04-2020 03:14:38	] [BAN ACTION] The following ban record has been removed (player unbanned). [Player: Huevito Rey was banned by Lindembert for Banned by staff. until 3/15/2020 2:43:19 PM.]
[	17-04-2020 03:14:40	] [BAN ACTION] The following ban record has been removed (player unbanned). [Player: iAmRenato.cL was banned by Lindembert for Banned by staff. until 3/15/2020 2:44:03 PM.]
[	17-04-2020 03:14:43	] [BAN ACTION] The following ban record has been removed (player unbanned). [Player: Ever_Gaitan was banned by 3 s for baneado por sheffo  until 3/19/2020 12:04:44 PM.]
[	17-04-2020 03:14:45	] [BAN ACTION] The following ban record has been removed (player unbanned). [Player: JLIUTR was banned by p n k z for PORSIACASO TE BANEARÉ LOCO ALAOS until 1/1/3000 12:00:00 AM.]
[	17-04-2020 03:14:47	] [BAN ACTION] The following ban record has been removed (player unbanned). [Player: F por kobe bryant csgetto.cc was banned by 3 s for VALORA TU VIDA  BAN 5 HORAS BY SHEFFO until 3/21/2020 12:29:58 PM.]
[	17-04-2020 03:14:49	] [BAN ACTION] The following ban record has been removed (player unbanned). [Player: MONTIEL was banned by 3 s for valora tu vida ban 5 horas by sheffo until 3/21/2020 12:30:27 PM.]
[	17-04-2020 03:14:50	] [BAN ACTION] The following ban record has been removed (player unbanned). [Player: J e i m a r i was banned by AbueloShark for RECAPACITA HERMANON until 3/23/2020 10:05:58 AM.]
[	17-04-2020 03:14:52	] [BAN ACTION] The following ban record has been removed (player unbanned). [Player: Incentivar was banned by AbueloShark for Banned by staff. until 1/1/3000 12:00:00 AM.]
[	17-04-2020 03:14:54	] [BAN ACTION] The following ban record has been removed (player unbanned). [Player: kappa was banned by MigueloShurk for Te me cuidas manito until 1/1/3000 12:00:00 AM.]
[	17-04-2020 03:14:56	] [BAN ACTION] The following ban record has been removed (player unbanned). [Player: Villazorzal was banned by MigueloShurk for Matar sin roll y en zona segura  until 3/24/2020 7:25:29 AM.]
[	17-04-2020 03:14:58	] [BAN ACTION] The following ban record has been removed (player unbanned). [Player: Ortega Smith was banned by Lindembert for POR FALTAR EL RESPETO A UN ADMIN Y POR ANON A LAURA until 3/26/2020 2:03:43 AM.]
[	17-04-2020 03:15:00	] [BAN ACTION] The following ban record has been removed (player unbanned). [Player: monchuales was banned by Lindembert for TE ADVERTI QUE NO DEBES FALTAR EL RESPETO POR ANON . until 3/24/2020 10:05:36 PM.]
[	17-04-2020 03:15:06	] [BAN ACTION] The following ban record has been removed (player unbanned). [Player: JohnF0 was banned by 6 s for BANEADO POR CHEAT until 1/1/3000 12:00:00 AM.]
[	17-04-2020 03:15:08	] [BAN ACTION] The following ban record has been removed (player unbanned). [Player: Reiny was banned by 6 s for NO CARKILL BANNED BY SHEFFO until 3/24/2020 5:48:41 AM.]
[	17-04-2020 03:15:10	] [BAN ACTION] The following ban record has been removed (player unbanned). [Player: SocioDelPatron was banned by 6 s for HACKER SI CREES QUE ES UN ERROR APELA EN DISCORD BY SHEFFO until 1/1/3000 12:00:00 AM.]
[	17-04-2020 03:15:12	] [BAN ACTION] The following ban record has been removed (player unbanned). [Player: Pollicomohao.ttv was banned by AbueloShurk for Banned by staff. until 1/1/3000 12:00:00 AM.]
[	17-04-2020 03:15:14	] [BAN ACTION] The following ban record has been removed (player unbanned). [Player: PUYI was banned by p n k z for HACK ADIOOS until 1/1/3000 12:00:00 AM.]
[	17-04-2020 03:15:16	] [BAN ACTION] The following ban record has been removed (player unbanned). [Player: InvalidPlayerName was banned by MigueloShurk for No se permite mod menu , te me cuidas  until 1/1/3000 12:00:00 AM.]
[	17-04-2020 03:15:17	] [BAN ACTION] The following ban record has been removed (player unbanned). [Player: ToxSilver was banned by 3 s for Este es un server de roleplay, te me cuidas until 1/1/3000 12:00:00 AM.]
[	17-04-2020 03:15:19	] [BAN ACTION] The following ban record has been removed (player unbanned). [Player: Fujiwara was banned by p n k z for apela tu ban until 1/1/3000 12:00:00 AM.]
[	17-04-2020 03:15:21	] [BAN ACTION] The following ban record has been removed (player unbanned). [Player: NahuelAC was banned by p n k z for APELA TU BAN until 1/1/3000 12:00:00 AM.]
[	17-04-2020 03:15:23	] [BAN ACTION] The following ban record has been removed (player unbanned). [Player: locoloco was banned by MigueloShurk for No se puede matar en zona segura  until 3/25/2020 7:23:48 AM.]
[	17-04-2020 03:15:26	] [BAN ACTION] The following ban record has been removed (player unbanned). [Player: Vako was banned by MigueloShurk for No carkill . recapacita until 3/25/2020 1:10:44 PM.]
[	17-04-2020 03:15:43	] [BAN ACTION] The following ban record has been removed (player unbanned). [Player: Huged Mogger was banned by p n k z for FALTAR EL RESPETO A UNA SEÑORITA DEL SERVIDOR. until 1/1/3000 12:00:00 AM.]
[	17-04-2020 03:15:45	] [BAN ACTION] The following ban record has been removed (player unbanned). [Player: Jayce | 95 was banned by 9Alcapone for fuere de aca ctmr until 1/1/3000 12:00:00 AM.]
[	17-04-2020 03:15:47	] [BAN ACTION] The following ban record has been removed (player unbanned). [Player: faria was banned by No-Name for Banned by staff. until 1/1/3000 12:00:00 AM.]
[	17-04-2020 03:15:48	] [BAN ACTION] The following ban record has been removed (player unbanned). [Player: Lautahh was banned by 9Alcapone for dejen de hacer card kill until 1/1/3000 12:00:00 AM.]
[	17-04-2020 03:15:50	] [BAN ACTION] The following ban record has been removed (player unbanned). [Player: Teorema _ RP was banned by 9Alcapone for matar card kill until 1/1/3000 12:00:00 AM.]
[	17-04-2020 03:15:51	] [BAN ACTION] The following ban record has been removed (player unbanned). [Player: Scott WereWolf was banned by Lindembert for USAR MOD MENU until 1/1/3000 12:00:00 AM.]
[	17-04-2020 03:15:53	] [BAN ACTION] The following ban record has been removed (player unbanned). [Player: :( was banned by p n k z for Banned by staff.CONCEHTG UMARE BAN INFINITO until 1/1/3000 12:00:00 AM.]
[	17-04-2020 03:15:55	] [BAN ACTION] The following ban record has been removed (player unbanned). [Player: TU VIEJA was banned by p n k z for Banned by staff. until 1/1/3000 12:00:00 AM.]
[	17-04-2020 03:15:58	] [BAN ACTION] The following ban record has been removed (player unbanned). [Player: Fenel was banned by 9Alcapone for Banned by staff. until 1/1/3000 12:00:00 AM.]
[	17-04-2020 03:16:00	] [BAN ACTION] The following ban record has been removed (player unbanned). [Player: Joker_98 was banned by 9Alcapone for Banned by staff. until 1/1/3000 12:00:00 AM.]
[	17-04-2020 03:16:02	] [BAN ACTION] The following ban record has been removed (player unbanned). [Player: InvalidPlayerName was banned by 9Alcapone for Banned by staff. until 1/1/3000 12:00:00 AM.]
[	17-04-2020 03:16:04	] [BAN ACTION] The following ban record has been removed (player unbanned). [Player: seor tongo was banned by p n k z for Banned by staff. until 1/1/3000 12:00:00 AM.]
[	17-04-2020 03:16:07	] [BAN ACTION] The following ban record has been removed (player unbanned). [Player: Christian Ed was banned by MigueloShurk for Te recomiendo que te compres una vida primo  until 1/1/3000 12:00:00 AM.]
[	17-04-2020 03:16:09	] [BAN ACTION] The following ban record has been removed (player unbanned). [Player: starlord was banned by 9Alcapone for card kill  until 3/26/2020 1:11:18 AM.]
[	17-04-2020 03:16:11	] [BAN ACTION] The following ban record has been removed (player unbanned). [Player: InvalidPlayerName was banned by p n k z for Banned by staff. until 1/1/3000 12:00:00 AM.]
[	17-04-2020 03:16:15	] [BAN ACTION] The following ban record has been removed (player unbanned). [Player: Ryujin Prodigio was banned by 9Alcapone for Banned by staff. until 1/1/3000 12:00:00 AM.]
[	17-04-2020 03:16:17	] [BAN ACTION] The following ban record has been removed (player unbanned). [Player: vergas99 was banned by 9Alcapone for Banned by staff. until 1/1/3000 12:00:00 AM.]
[	17-04-2020 03:16:19	] [BAN ACTION] The following ban record has been removed (player unbanned). [Player: -Xutiikz- was banned by 9Alcapone for Banned by staff. until 1/1/3000 12:00:00 AM.]
[	17-04-2020 03:16:21	] [BAN ACTION] The following ban record has been removed (player unbanned). [Player: yo wio was banned by 1XXXSHEFFOTENTACION for evita tus comentatios toxicos en este server  until 3/28/2020 9:59:56 AM.]
[	17-04-2020 03:16:23	] [BAN ACTION] The following ban record has been removed (player unbanned). [Player: pabloroman11 was banned by 9Alcapone for SI NO TE GUSTA EL SERVER ALAMOS :) until 1/1/3000 12:00:00 AM.]
[	17-04-2020 03:16:24	] [BAN ACTION] The following ban record has been removed (player unbanned). [Player: TheKoksal was banned by 9Alcapone for TU WEBADA A OTRO LADO  until 1/1/3000 12:00:00 AM.]
[	17-04-2020 03:16:26	] [BAN ACTION] The following ban record has been removed (player unbanned). [Player: bixo is god was banned by 9Alcapone for PONTE MICRO , CAMBIATE DE ROPA Y NO HAGAS CARD KILL  until 3/29/2020 12:13:46 AM.]
[	17-04-2020 03:16:28	] [BAN ACTION] The following ban record has been removed (player unbanned). [Player: andonieulz was banned by 9Alcapone for Banned by staff. until 1/1/3000 12:00:00 AM.]
[	17-04-2020 03:16:30	] [BAN ACTION] The following ban record has been removed (player unbanned). [Player: Emanuel was banned by p n k z for Banned by staff. until 1/1/3000 12:00:00 AM.]
[	17-04-2020 03:16:33	] [BAN ACTION] The following ban record has been removed (player unbanned). [Player: alejandrotrinidad was banned by 9Alcapone for card kill deja de hacer esa estupidez  until 3/28/2020 9:30:20 AM.]
[	17-04-2020 03:16:35	] [BAN ACTION] The following ban record has been removed (player unbanned). [Player: A-E-A was banned by 9Alcapone for Banned by staff. until 1/1/3000 12:00:00 AM.]
[	17-04-2020 03:16:37	] [BAN ACTION] The following ban record has been removed (player unbanned). [Player: kodeak was banned by 9Alcapone for te agarre pavo  until 1/1/3000 12:00:00 AM.]
[	17-04-2020 03:16:39	] [BAN ACTION] The following ban record has been removed (player unbanned). [Player: Instick was banned by 9Alcapone for card kill until 3/26/2020 1:33:01 AM.]
[	17-04-2020 03:16:41	] [BAN ACTION] The following ban record has been removed (player unbanned). [Player: Torraco221 was banned by 9Alcapone for matar sin roll until 3/26/2020 10:30:25 AM.]
[	17-04-2020 03:16:43	] [BAN ACTION] The following ban record has been removed (player unbanned). [Player: El penguin was banned by MigueloShurk for Matar sin rol , hacer carkil, ni apeles , Te me cuidas  until 1/1/3000 12:00:00 AM.]
[	17-04-2020 03:16:45	] [BAN ACTION] The following ban record has been removed (player unbanned). [Player: COVID BRYANT was banned by 9Alcapone for no quiero webadas until 1/1/3000 12:00:00 AM.]
[	17-04-2020 03:16:47	] [BAN ACTION] The following ban record has been removed (player unbanned). [Player: Pepperoni was banned by 9Alcapone for LO MISMO PARA TI until 1/1/3000 12:00:00 AM.]
[	17-04-2020 03:16:49	] [BAN ACTION] The following ban record has been removed (player unbanned). [Player: alexpagallo was banned by Shusha Finkever Mallqui Turpo for Banned by staff.Finkever until 3/26/2020 2:26:39 AM.]
[	17-04-2020 03:16:50	] [BAN ACTION] The following ban record has been removed (player unbanned). [Player: Itachi was banned by p n k z for DEJA DE USAR CHEATS MEN ADIOS. until 1/1/3000 12:00:00 AM.]
[	17-04-2020 03:16:54	] [BAN ACTION] The following ban record has been removed (player unbanned). [Player: Laratatuild was banned by 9Alcapone for no tolerare tu falta de respeto alamos lokito until 1/1/3000 12:00:00 AM.]
[	17-04-2020 03:16:56	] [BAN ACTION] The following ban record has been removed (player unbanned). [Player: Songe was banned by 9Alcapone for matar sin roll until 3/26/2020 6:46:06 PM.]
[	17-04-2020 03:16:58	] [BAN ACTION] The following ban record has been removed (player unbanned). [Player: GOT  -Drift- was banned by 9Alcapone for Banned by staff. until 1/1/3000 12:00:00 AM.]
[	17-04-2020 03:17:00	] [BAN ACTION] The following ban record has been removed (player unbanned). [Player: Lord Phase was banned by 9Alcapone for MATAR ZONA SEGURA  until 3/26/2020 9:08:45 PM.]
[	17-04-2020 03:17:02	] [BAN ACTION] The following ban record has been removed (player unbanned). [Player: the drug addict ARCADE was banned by AbueloShurk for Banned by staff. until 1/1/3000 12:00:00 AM.]
[	17-04-2020 03:17:03	] [BAN ACTION] The following ban record has been removed (player unbanned). [Player: GonzaFacha was banned by 1XXXSHEFFOTENTACION for Mentir al staff ban by Sheffo4ever until 3/27/2020 5:57:38 AM.]
[	17-04-2020 03:17:06	] [BAN ACTION] The following ban record has been removed (player unbanned). [Player: 50/50  % was banned by AbueloShurk for Banned by staff. until 1/1/3000 12:00:00 AM.]
[	17-04-2020 03:17:07	] [BAN ACTION] The following ban record has been removed (player unbanned). [Player: furtadojavier98 was banned by MigueloShurk for Carkill  until 3/27/2020 9:09:27 AM.]
[	17-04-2020 03:17:09	] [BAN ACTION] The following ban record has been removed (player unbanned). [Player: AlexisG7 was banned by 9Alcapone for car kill until 3/28/2020 4:26:43 AM.]
[	17-04-2020 03:17:10	] [BAN ACTION] The following ban record has been removed (player unbanned). [Player: TeoAsan was banned by 9Alcapone for Banned by staff. until 1/1/3000 12:00:00 AM.]
[	17-04-2020 03:17:12	] [BAN ACTION] The following ban record has been removed (player unbanned). [Player: Smok1 FAKE was banned by 9Alcapone for deja de explotar gasolinera until 1/1/3000 12:00:00 AM.]
[	17-04-2020 03:17:13	] [BAN ACTION] The following ban record has been removed (player unbanned). [Player: InvalidPlayerName was banned by 9Alcapone for Banned by staff. until 1/1/3000 12:00:00 AM.]
[	17-04-2020 03:17:15	] [BAN ACTION] The following ban record has been removed (player unbanned). [Player: CALLA CAGADA was banned by 9Alcapone for Banned by staff. until 1/1/3000 12:00:00 AM.]
[	17-04-2020 08:34:03	] [BAN ACTION] A new ban record has been added. Player: 'EMOTIONALTEENAGER' was banned by '8 porsiempre' for 'MATAR SIN HABER EMS Y POLICIAS BY SHEFFO' until '4/20/2020 8:34:03 AM'.
[	17-04-2020 09:22:39	] [BAN ACTION] A new ban record has been added. Player: 'Glitter' was banned by '8 porsiempre' for 'matar sin ems y policia' until '4/20/2020 9:22:39 AM'.
[	17-04-2020 09:37:55	] [BAN ACTION] A new ban record has been added. Player: 'Lesnardin' was banned by '8 porsiempre' for 'matar sin policias disponibles ' until '4/20/2020 9:37:55 AM'.
[	17-04-2020 09:58:39	] [BAN ACTION] A new ban record has been added. Player: 'Booze' was banned by 'AbueloShurk.hellcase.com' for 'aprende a rollear ' until '4/18/2020 3:58:39 PM'.
[	17-04-2020 09:58:59	] [BAN ACTION] The following ban record has been removed (player unbanned). [Player: Booze was banned by AbueloShurk.hellcase.com for aprende a rollear  until 4/18/2020 3:58:39 PM.]
[	17-04-2020 10:00:58	] [BAN ACTION] A new ban record has been added. Player: 'Booze' was banned by 'AbueloShurk.hellcase.com' for 'aprende a controlar a tu gente y sino peudes no vuelvas ' until '5/17/2020 10:00:58 AM'.
[	17-04-2020 20:38:32	] [BAN ACTION] The following ban record has been removed (player unbanned). [Player: Lesnardin was banned by 8 porsiempre for matar sin policias disponibles  until 4/20/2020 9:37:55 AM.]
[	17-04-2020 21:29:51	] [BAN ACTION] The following ban record has been removed (player unbanned). [Player: Glitter was banned by 8 porsiempre for matar sin ems y policia until 4/20/2020 9:22:39 AM.]
[	18-04-2020 04:03:38	] [KICK ACTION] Player: ^4 MIAU has kicked: M1 for: You have been kicked. Reason: no te creas habilidoso.
[	18-04-2020 22:50:31	] [BAN ACTION] A new ban record has been added. Player: 'InvalidPlayerName' was banned by '2Tio7Gilipoias1777' for 'Disparar desde vehiculo, Desconectarte por perdel rol' until '4/21/2020 10:50:31 PM'.
[	18-04-2020 23:09:25	] [BAN ACTION] The following ban record has been removed (player unbanned). [Player: InvalidPlayerName was banned by 2Tio7Gilipoias1777 for Disparar desde vehiculo, Desconectarte por perdel rol until 4/21/2020 10:50:31 PM.]
[	19-04-2020 00:58:03	] [KICK ACTION] Player: ^4 MIAU has kicked: danyboy404 for: You have been kicked. Reason: cortar rol exesivamente 1 strike. by: Sheffo4ever..
[	19-04-2020 01:13:01	] [BAN ACTION] The following ban record has been removed (player unbanned). [Player: EMOTIONALTEENAGER was banned by 8 porsiempre for MATAR SIN HABER EMS Y POLICIAS BY SHEFFO until 4/20/2020 8:34:03 AM.]
[	19-04-2020 01:36:57	] [KICK ACTION] Player: ^4 MIAU has kicked: Sonora for: You have been kicked. Reason: mal uso de canales de juego 1 strike, te me cuidas by sheffo4ever.
[	20-04-2020 00:48:46	] [KICK ACTION] Player: ^2Tio^7Gilipoias^1777 has kicked: ERGYPSYKING for: You have been kicked. Reason: 1 aviso no dispares cuando estas cargando a una persona.
[	20-04-2020 04:01:22	] [BAN ACTION] A new ban record has been added. Player: 'InvalidPlayerName' was banned by '1TENTACION' for 'controla tus comentarios hacia los jugadores ' until '4/20/2020 4:01:22 PM'.
[	20-04-2020 04:02:11	] [BAN ACTION] The following ban record has been removed (player unbanned). [Player: InvalidPlayerName was banned by 1TENTACION for controla tus comentarios hacia los jugadores  until 4/20/2020 4:01:22 PM.]
[	21-04-2020 01:30:31	] [BAN ACTION] A new ban record has been added. Player: 'ERGYPSYKING' was banned by '1TENTACION' for 'rol no adecuado, no forzal rol, respeta al staff' until '4/21/2020 6:30:31 AM'.
[	21-04-2020 06:35:22	] [BAN ACTION] The following ban record has been removed (player unbanned). [Player: Booze was banned by AbueloShurk.hellcase.com for aprende a controlar a tu gente y sino peudes no vuelvas  until 5/17/2020 10:00:58 AM.]
[	24-04-2020 03:02:05	] [BAN ACTION] The following ban record has been removed (player unbanned). [Player: ERGYPSYKING was banned by 1TENTACION for rol no adecuado, no forzal rol, respeta al staff until 4/21/2020 6:30:31 AM.]
[	24-04-2020 06:30:33	] [BAN ACTION] A new ban record has been added. Player: 'InvalidPlayerName' was banned by 'No-Name' for 'Banned by staff.' until '4/24/2020 8:00:33 AM'.
[	24-04-2020 06:30:45	] [BAN ACTION] The following ban record has been removed (player unbanned). [Player: InvalidPlayerName was banned by No-Name for Banned by staff. until 4/24/2020 8:00:33 AM.]
[	25-04-2020 00:32:33	] [BAN ACTION] A new ban record has been added. Player: 'InvalidPlayerName' was banned by '4 V O D K A A' for 'Desconectarse en rol' until '4/26/2020 12:32:33 AM'.
[	25-04-2020 00:46:13	] [BAN ACTION] The following ban record has been removed (player unbanned). [Player: InvalidPlayerName was banned by 4 V O D K A A for Desconectarse en rol until 4/26/2020 12:32:33 AM.]
[	26-04-2020 06:30:08	] [KICK ACTION] Player: efe has kicked: Mr. Wao for: You have been kicked. Reason: 1 strike matar sin razon by Sheffo4ever.
[	26-04-2020 06:52:28	] [BAN ACTION] A new ban record has been added. Player: 'Sk' was banned by 'efe' for 'matar sin ems ban by sheffo4ever (si piensas que es un error apela en discord)' until '4/26/2020 2:52:28 PM'.
[	26-04-2020 20:37:54	] [BAN ACTION] The following ban record has been removed (player unbanned). The player has been unbanned because their ban duration expired. [Player: Sk was banned by efe for matar sin ems ban by sheffo4ever (si piensas que es un error apela en discord) until 4/26/2020 2:52:28 PM.]
[	28-04-2020 03:57:56	] [KICK ACTION] Player: ^9DEXTER has kicked: #Wichitoo for: You have been kicked. Reason: DEJA DE DISPARAR A LO LOCO.
[	28-04-2020 03:58:57	] [KICK ACTION] Player: ^9DEXTER has kicked: !Strike.™ for: You have been kicked. Reason: baja locura pero bien ps viejo  NO DISAPRES SIN EMS NI ROL PREVIO.
[	28-04-2020 04:06:39	] [BAN ACTION] A new ban record has been added. Player: '#Wichitoo' was banned by 'Lindembert' for 'Banned by staff.' until '4/28/2020 9:06:39 AM'.
[	28-04-2020 04:06:55	] [BAN ACTION] A new ban record has been added. Player: 'Strike' was banned by 'Lindembert' for 'Banned by staff.' until '4/28/2020 9:06:55 AM'.
[	28-04-2020 22:28:31	] [BAN ACTION] The following ban record has been removed (player unbanned). The player has been unbanned because their ban duration expired. [Player: Strike was banned by Lindembert for Banned by staff. until 4/28/2020 9:06:55 AM.]
[	19-05-2020 02:57:53	] [BAN ACTION] A new ban record has been added. Player: '8Se7en' was banned by 'You King' for 'Banned by Sheffo4ever si crees que es un error apela en discord.' until '01/01/3000 00:00:00' (forever).
[	19-05-2020 02:59:04	] [BAN ACTION] The following ban record has been removed (player unbanned). [Player: 8Se7en was banned by You King for Banned by Sheffo4ever si crees que es un error apela en discord. until 01/01/3000 00:00:00.]
[	19-05-2020 03:21:00	] [BAN ACTION] A new ban record has been added. Player: '#SinVergoa' was banned by 'You King' for 'Banned by Sheffo4ever si crees que es un error apela en discord.' until '01/01/3000 00:00:00' (forever).
[	19-05-2020 23:07:11	] [KICK ACTION] Player: ^9DEX^4TER has kicked: ^ AMNE$IA ^ for: You have been kicked. Reason: por favor sin carkill ya saben las reglas =C no me gusta kikear .
[	19-05-2020 23:08:57	] [KICK ACTION] Player: ^9DEX^4TER has kicked: SI FEDEO ES POR TU BIEN for: You have been kicked. Reason: MANO SABES LAS REGLAS Y NO ME GUSTA KIKEAR LO SIENTO VULVE A ENTRAR.
[	20-05-2020 22:09:14	] [BAN ACTION] A new ban record has been added. Player: 'OGNrazer' was banned by 'MigueloShurk' for 'Matar a ems en zona segura a hacer tus chistosadas a otra parte' until '05/21/2020 08:09:14'.
[	21-05-2020 07:22:15	] [BAN ACTION] A new ban record has been added. Player: 'Grom' was banned by 'Lindembert' for 'Banned by staff.' until '05/23/2020 07:22:15'.
[	21-05-2020 08:31:07	] [BAN ACTION] A new ban record has been added. Player: 'Alberto Frau' was banned by 'Lindembert' for 'Banned by staff.HACK' until '01/01/3000 00:00:00' (forever).
[	21-05-2020 16:31:45	] [KICK ACTION] Player: ^6 You will be my sweetheart♥ has kicked: WiFito for: You have been kicked. Reason: No bug please.
[	21-05-2020 17:00:05	] [KICK ACTION] Player: ...MigueloShurk... has kicked: WiFito for: You have been kicked. Reason: No estes bugueando lana .
[	21-05-2020 17:29:10	] [KICK ACTION] Player: ...MigueloShurk... has kicked: ✪Supp❤ for: You have been kicked. Reason: Dejate de estar bugueando ya te avise , no creas que por que estes corriendo no nos damos cuenta.
[	21-05-2020 18:42:36	] [BAN ACTION] A new ban record has been added. Player: 'Un Triste 4k mas' was banned by 'MigueloShurk' for 'No carkill . Te me cuidas ' until '01/01/3000 00:00:00' (forever).
[	21-05-2020 19:23:56	] [KICK ACTION] Player: ...MigueloShurk... has kicked: HARRY POPOTE for: You have been kicked. Reason: no hagas ejercicio , y mucho menos para buguear.
[	21-05-2020 20:07:06	] [KICK ACTION] Player: ...MigueloShurk... has kicked: zteaM for: You have been kicked. Reason: deja de buguear.
[	21-05-2020 22:54:33	] [KICK ACTION] Player: ^6 Gozhu♥ has kicked: Woody for: You have been kicked. Reason: no matar en zona segura.
[	22-05-2020 03:18:22	] [KICK ACTION] Player: ^1Sheffo4ever♥ has kicked: MariaLaDelBarrio for: You have been kicked. Reason: bye saludos.
[	22-05-2020 16:13:55	] [BAN ACTION] A new ban record has been added. Player: '2Covid-19' was banned by 'MigueloShurk' for 'No se admiten chetos en el server si crees que es un error apela en discord . Te me vas . ADIOS ' until '01/01/3000 00:00:00' (forever).
[	22-05-2020 17:50:11	] [KICK ACTION] Player: ^1Sheffo4ever♥ has kicked: WhiteLink for: You have been kicked. Reason: no glitches 1 strike by sheffo4ever.
[	22-05-2020 18:32:11	] [BAN ACTION] A new ban record has been added. Player: 'InvalidPlayerName' was banned by '9Alcapone' for 'lee las reglas del servidor no puedes matar ' until '05/23/2020 18:32:11'.
[	22-05-2020 18:50:08	] [KICK ACTION] Player: ^1Sheffo4ever♥ has kicked: ✪CaT for: You have been kicked. Reason: NO GLITCHES LA PROXIMA TE VAS BAN BY SHEFFO4EVER.
[	22-05-2020 22:24:10	] [BAN ACTION] A new ban record has been added. Player: 'Quercy 2' was banned by 'MigueloShurk' for 'No bugs lo advertimos bastantes veces ' until '05/23/2020 05:24:10'.
[	23-05-2020 06:09:26	] [BAN ACTION] The following ban record has been removed (player unbanned). The player has been unbanned because their ban duration expired. [Player: Quercy 2 was banned by MigueloShurk for No bugs lo advertimos bastantes veces  until 23/05/2020 5:24:10.]
[	23-05-2020 07:41:02	] [BAN ACTION] The following ban record has been removed (player unbanned). The player has been unbanned because their ban duration expired. [Player: Grom was banned by Lindembert for Banned by staff. until 23/05/2020 7:22:15.]
[	23-05-2020 18:58:52	] [BAN ACTION] A new ban record has been added. Player: 'Ryuu Lion' was banned by 'Lindembert' for 'FALTAR EL RESPETO' until '01/01/3000 00:00:00' (forever).
[	23-05-2020 18:59:46	] [BAN ACTION] A new ban record has been added. Player: 'Addison Rae' was banned by 'Lindembert' for 'APELA EN DISCORD' until '06/22/2020 18:59:46'.
[	26-05-2020 19:13:26	] [KICK ACTION] Player: JayStar has kicked: jpsv1992 for: You have been kicked. Reason: hehe.
